app/build/intermediates/manifest_merge_blame_file/debug/manifest-merger-blame-debug-report.txt
1<?xml version="1.0" encoding="utf-8"?>
2<manifest xmlns:android="http://schemas.android.com/apk/res/android"
3    package="android.test.currencyassistant"
4    android:versionCode="1"
5    android:versionName="1.0" >
6
7    <uses-sdk
8        android:minSdkVersion="18"
8-->src\main\AndroidManifest.xml
9        android:targetSdkVersion="29" />
9-->src\main\AndroidManifest.xml
10
11    <uses-permission android:name="android.permission.INTERNET" />
11-->src\main\AndroidManifest.xml:7:5-66
11-->src\main\AndroidManifest.xml:7:22-64
12
13    <application
13-->src\main\AndroidManifest.xml:9:5-30:19
14        android:allowBackup="true"
14-->src\main\AndroidManifest.xml:10:9-35
15        android:appComponentFactory="androidx.core.app.CoreComponentFactory"
15-->[androidx.core:core:1.1.0] AndroidManifest.xml:24:18-86
16        android:debuggable="true"
17        android:icon="@drawable/ic_launcher"
17-->src\main\AndroidManifest.xml:11:9-45
18        android:label="@string/app_name"
18-->src\main\AndroidManifest.xml:12:9-41
19        android:roundIcon="@drawable/ic_launcher"
19-->src\main\AndroidManifest.xml:13:9-50
20        android:supportsRtl="true"
20-->src\main\AndroidManifest.xml:15:9-35
21        android:theme="@style/AppTheme" >
21-->src\main\AndroidManifest.xml:14:9-40
22        <activity
22-->src\main\AndroidManifest.xml:18:9-25:20
23            android:name="android.test.currencyassistant.presentation.activity.CurrencyActivity"
23-->src\main\AndroidManifest.xml:20:13-67
24            android:theme="@style/BasicActivityTheme.Rates" >
24-->src\main\AndroidManifest.xml:19:13-60
25            <intent-filter>
25-->src\main\AndroidManifest.xml:21:13-24:29
26                <action android:name="android.intent.action.MAIN" />
26-->src\main\AndroidManifest.xml:22:17-69
26-->src\main\AndroidManifest.xml:22:25-66
27
28                <category android:name="android.intent.category.LAUNCHER" />
28-->src\main\AndroidManifest.xml:23:17-77
28-->src\main\AndroidManifest.xml:23:27-74
29            </intent-filter>
30        </activity>
31
32        <service
32-->src\main\AndroidManifest.xml:27:9-29:37
33            android:name="android.test.currencyassistant.presentation.service.CurrencyService"
33-->src\main\AndroidManifest.xml:28:13-65
34            android:enabled="true" />
34-->src\main\AndroidManifest.xml:29:13-35
35
36        <provider
36-->[com.squareup.picasso:picasso:2.71828] AndroidManifest.xml:8:9-11:40
37            android:name="com.squareup.picasso.PicassoProvider"
37-->[com.squareup.picasso:picasso:2.71828] AndroidManifest.xml:9:13-64
38            android:authorities="android.test.currencyassistant.com.squareup.picasso"
38-->[com.squareup.picasso:picasso:2.71828] AndroidManifest.xml:10:13-72
39            android:exported="false" />
39-->[com.squareup.picasso:picasso:2.71828] AndroidManifest.xml:11:13-37
40    </application>
41
42</manifest>